<?xml version="1.0" encoding="UTF-8"?>
<testng-results skipped="0" failed="0" ignored="0" total="1" passed="1">
  <reporter-output>
  </reporter-output>
  <suite name="Default suite" duration-ms="16186" started-at="2018-10-14T12:32:29Z" finished-at="2018-10-14T12:32:45Z">
    <groups>
    </groups>
    <test name="Default test" duration-ms="16186" started-at="2018-10-14T12:32:29Z" finished-at="2018-10-14T12:32:45Z">
      <class name="Test.Test">
        <test-method status="PASS" signature="setup()[pri:0, instance:Test.Test@5c3bd550]" name="setup" is-config="true" duration-ms="13159" started-at="2018-10-14T12:32:29Z" finished-at="2018-10-14T12:32:42Z">
          <reporter-output>
          </reporter-output>
        </test-method> <!-- setup -->
        <test-method status="PASS" signature="test_Home_Page_Appear_Correct()[pri:0, instance:Test.Test@5c3bd550]" name="test_Home_Page_Appear_Correct" duration-ms="2999" started-at="2018-10-14T12:32:42Z" finished-at="2018-10-14T12:32:45Z">
          <reporter-output>
          </reporter-output>
        </test-method> <!-- test_Home_Page_Appear_Correct -->
      </class> <!-- Test.Test -->
    </test> <!-- Default test -->
  </suite> <!-- Default suite -->
</testng-results>
